Using pre-set license
Built from '2022.3/staging' branch; Version is '2022.3.15f1 (b58023a2b463) revision 11894819'; Using compiler version '192829333'; Build Type 'Release'
OS: 'Windows 10  (10.0.19045) 64bit Professional' Language: 'pt' Physical Memory: 18133 MB
BatchMode: 1, IsHumanControllingUs: 0, StartBugReporterOnCrash: 0, Is64bit: 1, IsPro: 1

COMMAND LINE ARGUMENTS:
C:\Program Files\Unity\Hub\Editor\2022.3.15f1\Editor\Unity.exe
-adb2
-batchMode
-noUpm
-name
AssetImportWorker0
-projectPath
C:/Users/Arthur/Desktop/Virtual Pet/Virtualpet
-logFile
Logs/AssetImportWorker0.log
-srvPort
65207
Successfully changed project path to: C:/Users/Arthur/Desktop/Virtual Pet/Virtualpet
C:/Users/Arthur/Desktop/Virtual Pet/Virtualpet
[UnityMemory] Configuration Parameters - Can be set up in boot.config
    "memorysetup-bucket-allocator-granularity=16"
    "memorysetup-bucket-allocator-bucket-count=8"
    "memorysetup-bucket-allocator-block-size=33554432"
    "memorysetup-bucket-allocator-block-count=8"
    "memorysetup-main-allocator-block-size=16777216"
    "memorysetup-thread-allocator-block-size=16777216"
    "memorysetup-gfx-main-allocator-block-size=16777216"
    "memorysetup-gfx-thread-allocator-block-size=16777216"
    "memorysetup-cache-allocator-block-size=4194304"
    "memorysetup-typetree-allocator-block-size=2097152"
    "memorysetup-profiler-bucket-allocator-granularity=16"
    "memorysetup-profiler-bucket-allocator-bucket-count=8"
    "memorysetup-profiler-bucket-allocator-block-size=33554432"
    "memorysetup-profiler-bucket-allocator-block-count=8"
    "memorysetup-profiler-allocator-block-size=16777216"
    "memorysetup-profiler-editor-allocator-block-size=1048576"
    "memorysetup-temp-allocator-size-main=16777216"
    "memorysetup-job-temp-allocator-block-size=2097152"
    "memorysetup-job-temp-allocator-block-size-background=1048576"
    "memorysetup-job-temp-allocator-reduction-small-platforms=262144"
    "memorysetup-allocator-temp-initial-block-size-main=262144"
    "memorysetup-allocator-temp-initial-block-size-worker=262144"
    "memorysetup-temp-allocator-size-background-worker=32768"
    "memorysetup-temp-allocator-size-job-worker=262144"
    "memorysetup-temp-allocator-size-preload-manager=33554432"
    "memorysetup-temp-allocator-size-nav-mesh-worker=65536"
    "memorysetup-temp-allocator-size-audio-worker=65536"
    "memorysetup-temp-allocator-size-cloud-worker=32768"
    "memorysetup-temp-allocator-size-gi-baking-worker=262144"
    "memorysetup-temp-allocator-size-gfx=262144"
Player connection [113772] Host "[IP] 192.168.0.29 [Port] 0 [Flags] 2 [Guid] 285954816 [EditorId] 285954816 [Version] 1048832 [Id] WindowsEditor(7,Arthur) [Debug] 1 [PackageName] WindowsEditor [ProjectName] Editor" joined multi-casting on [225.0.0.222:54997]...

Player connection [113772] Host "[IP] 192.168.0.29 [Port] 0 [Flags] 2 [Guid] 285954816 [EditorId] 285954816 [Version] 1048832 [Id] WindowsEditor(7,Arthur) [Debug] 1 [PackageName] WindowsEditor [ProjectName] Editor" joined alternative multi-casting on [225.0.0.222:34997]...

[Physics::Module] Initialized MultithreadedJobDispatcher with 7 workers.
Refreshing native plugins compatible for Editor in 32.65 ms, found 4 plugins.
Preloading 0 native plugins for Editor in 0.00 ms.
Initialize engine version: 2022.3.15f1 (b58023a2b463)
[Subsystems] Discovering subsystems at path C:/Program Files/Unity/Hub/Editor/2022.3.15f1/Editor/Data/Resources/UnitySubsystems
[Subsystems] Discovering subsystems at path C:/Users/Arthur/Desktop/Virtual Pet/Virtualpet/Assets
GfxDevice: creating device client; threaded=0; jobified=0
Direct3D:
    Version:  Direct3D 11.0 [level 11.1]
    Renderer: AMD Radeon(TM) Vega 8 Graphics (ID=0x15d8)
    Vendor:   ATI
    VRAM:     9066 MB
    Driver:   31.0.21912.14
Initialize mono
Mono path[0] = 'C:/Program Files/Unity/Hub/Editor/2022.3.15f1/Editor/Data/Managed'
Mono path[1] = 'C:/Program Files/Unity/Hub/Editor/2022.3.15f1/Editor/Data/MonoBleedingEdge/lib/mono/unityjit-win32'
Mono config path = 'C:/Program Files/Unity/Hub/Editor/2022.3.15f1/Editor/Data/MonoBleedingEdge/etc'
Using monoOptions --debugger-agent=transport=dt_socket,embedding=1,server=y,suspend=n,address=127.0.0.1:56824
Begin MonoManager ReloadAssembly
Registering precompiled unity dll's ...
Register platform support module: C:/Program Files/Unity/Hub/Editor/2022.3.15f1/Editor/Data/PlaybackEngines/AndroidPlayer/UnityEditor.Android.Extensions.dll
Register platform support module: C:/Program Files/Unity/Hub/Editor/2022.3.15f1/Editor/Data/PlaybackEngines/WindowsStandaloneSupport/UnityEditor.WindowsStandalone.Extensions.dll
Registered in 0.027901 seconds.
- Loaded All Assemblies, in  0.895 seconds
Native extension for WindowsStandalone target not found
Native extension for Android target not found
Android Extension - Scanning For ADB Devices 599 ms
Mono: successfully reloaded assembly
- Finished resetting the current domain, in  1.389 seconds
Domain Reload Profiling: 2280ms
	BeginReloadAssembly (284ms)
		ExecutionOrderSort (0ms)
		DisableScriptedObjects (0ms)
		BackupInstance (0ms)
		ReleaseScriptingObjects (0ms)
		CreateAndSetChildDomain (2ms)
	RebuildCommonClasses (94ms)
	RebuildNativeTypeToScriptingClass (28ms)
	initialDomainReloadingComplete (144ms)
	LoadAllAssembliesAndSetupDomain (340ms)
		LoadAssemblies (277ms)
		RebuildTransferFunctionScriptingTraits (0ms)
		AnalyzeDomain (335ms)
			TypeCache.Refresh (332ms)
				TypeCache.ScanAssembly (301ms)
			ScanForSourceGeneratedMonoScriptInfo (1ms)
			ResolveRequiredComponents (1ms)
	FinalizeReload (1391ms)
		ReleaseScriptCaches (0ms)
		RebuildScriptCaches (0ms)
		SetupLoadedEditorAssemblies (1258ms)
			LogAssemblyErrors (0ms)
			InitializePlatformSupportModulesInManaged (861ms)
			SetLoadedEditorAssemblies (9ms)
			RefreshPlugins (0ms)
			BeforeProcessingInitializeOnLoad (5ms)
			ProcessInitializeOnLoadAttributes (277ms)
			ProcessInitializeOnLoadMethodAttributes (106ms)
			AfterProcessingInitializeOnLoad (0ms)
			EditorAssembliesLoaded (0ms)
		ExecutionOrderSort2 (0ms)
		AwakeInstancesAfterBackupRestoration (0ms)
========================================================================
Worker process is ready to serve import requests
Begin MonoManager ReloadAssembly
- Loaded All Assemblies, in  1.605 seconds
Refreshing native plugins compatible for Editor in 19.51 ms, found 4 plugins.
Native extension for WindowsStandalone target not found
Native extension for Android target not found
Package Manager log level set to [2]
[Package Manager] Server::EnsureServerProcessIsRunning -- launch failed, reason: Unity was launched with the -noUpm command-line argument
[Package Manager] UpmClient::Send -- Unable to send message (not connected to UPM process).
[Package Manager] Cannot connect to Unity Package Manager local server
Mono: successfully reloaded assembly
[Package Manager] Server::EnsureServerProcessIsRunning -- launch failed, reason: Unity was launched with the -noUpm command-line argument
[Package Manager] UpmClient::Send -- Unable to send message (not connected to UPM process).
[Package Manager] Cannot connect to Unity Package Manager local server
[Package Manager] Server::EnsureServerProcessIsRunning -- launch failed, reason: Unity was launched with the -noUpm command-line argument
[Package Manager] UpmClient::Send -- Unable to send message (not connected to UPM process).
[Package Manager] Cannot connect to Unity Package Manager local server
- Finished resetting the current domain, in  1.672 seconds
Domain Reload Profiling: 3266ms
	BeginReloadAssembly (358ms)
		ExecutionOrderSort (0ms)
		DisableScriptedObjects (15ms)
		BackupInstance (0ms)
		ReleaseScriptingObjects (0ms)
		CreateAndSetChildDomain (54ms)
	RebuildCommonClasses (81ms)
	RebuildNativeTypeToScriptingClass (22ms)
	initialDomainReloadingComplete (123ms)
	LoadAllAssembliesAndSetupDomain (1009ms)
		LoadAssemblies (768ms)
		RebuildTransferFunctionScriptingTraits (0ms)
		AnalyzeDomain (438ms)
			TypeCache.Refresh (364ms)
				TypeCache.ScanAssembly (331ms)
			ScanForSourceGeneratedMonoScriptInfo (60ms)
			ResolveRequiredComponents (11ms)
	FinalizeReload (1672ms)
		ReleaseScriptCaches (0ms)
		RebuildScriptCaches (0ms)
		SetupLoadedEditorAssemblies (1238ms)
			LogAssemblyErrors (0ms)
			InitializePlatformSupportModulesInManaged (69ms)
			SetLoadedEditorAssemblies (12ms)
			RefreshPlugins (0ms)
			BeforeProcessingInitializeOnLoad (218ms)
			ProcessInitializeOnLoadAttributes (827ms)
			ProcessInitializeOnLoadMethodAttributes (96ms)
			AfterProcessingInitializeOnLoad (16ms)
			EditorAssembliesLoaded (0ms)
		ExecutionOrderSort2 (0ms)
		AwakeInstancesAfterBackupRestoration (13ms)
Launched and connected shader compiler UnityShaderCompiler.exe after 0.09 seconds
Refreshing native plugins compatible for Editor in 16.86 ms, found 4 plugins.
Preloading 0 native plugins for Editor in 0.00 ms.
Unloading 4285 Unused Serialized files (Serialized files now loaded: 0)
Unloading 75 unused Assets / (66.5 KB). Loaded Objects now: 4738.
Memory consumption went from 154.3 MB to 154.3 MB.
Total: 6.227600 ms (FindLiveObjects: 0.541100 ms CreateObjectMapping: 0.292300 ms MarkObjects: 5.131600 ms  DeleteObjects: 0.260900 ms)

AssetImportParameters requested are different than current active one (requested -> active):
  custom:container-demuxer-ogg: 62fdf1f143b41e24485cea50d1cbac27 -> 
  custom:video-decoder-ogg-theora: a1e56fd34408186e4bbccfd4996cb3dc -> 
  custom:framework-win-MediaFoundation: 216162199b28c13a410421893ffa2e32 -> 
  custom:CustomObjectIndexerAttribute: 43b350a4d6e6d1791af0b5038c4bea17 -> 
  custom:container-demuxer-webm: 4f35f7cbe854078d1ac9338744f61a02 -> 
  custom:container-muxer-webm: aa71ff27fc2769a1b78a27578f13a17b -> 
  custom:video-decoder-webm-vp8: 9c59270c3fd7afecdb556c50c9e8de78 -> 
  custom:SearchIndexIgnoredProperties: e643bd26f0fe6173181afceb89e7c659 -> 
  custom:AudioImporter_EditorPlatform: d09bf68614088b80899f8185d706f6e7 -> 
  custom:video-encoder-webm-vp8: eb34c28f22e8b96e1ab97ce403110664 -> 
  custom:audio-decoder-ogg-vorbis: bf7c407c2cedff20999df2af8eb42d56 -> 
  custom:audio-encoder-webm-vorbis: bf7c407c2cedff20999df2af8eb42d56 -> 
========================================================================
Received Import Request.
  Time since last request: 3281659.707837 seconds.
  path: Assets/Assets
  artifactKey: Guid(658207b0694f7614da2ee6fa4ab95638) Importer(815301076,1909f56bfc062723c751e8b465ee728b)
Start importing Assets/Assets using Guid(658207b0694f7614da2ee6fa4ab95638) Importer(815301076,1909f56bfc062723c751e8b465ee728b)  -> (artifact id: 'e3d920171e205dfe37ae5b6c781134ba') in 0.004258 seconds
Number of updated asset objects reloaded before import = 0
Number of asset objects unloaded after import = 0
========================================================================
Received Prepare
Trying to reload asset but can't find object on disk
0x00007ff6d2b038ad (Unity) StackWalker::GetCurrentCallstack
0x00007ff6d2b08979 (Unity) StackWalker::ShowCallstack
0x00007ff6d3ad5891 (Unity) GetStacktrace
0x00007ff6d418da7e (Unity) DebugStringToFile
0x00007ff6d2aba3d1 (Unity) PersistentManager::ReloadFromDisk
0x00007ff6d3e88097 (Unity) ReloadSerializedSingletons
0x00007ff6d3e7c74a (Unity) <lambda_b37b41f03089e3cb3f55061bbc93253d>::operator()
0x00007ff6d3eb6bb2 (Unity) asio::detail::completion_handler<core::mutable_function<void __cdecl(void)>,asio::io_context::basic_executor_type<std::allocator<void>,0> >::do_complete
0x00007ff6d3ea2b5e (Unity) asio::detail::win_iocp_io_context::do_one
0x00007ff6d3ea47c4 (Unity) asio::detail::win_iocp_io_context::run
0x00007ff6d3eb4f5c (Unity) IOService::Run
0x00007ff6d3e88abf (Unity) AssetImportWorkerClient::Run
0x00007ff6d3e539f7 (Unity) RunAssetImportWorkerClientV2
0x00007ff6d3e53a7b (Unity) RunAssetImporterV2
0x00007ff6d365babd (Unity) Application::InitializeProject
0x00007ff6d3ae1705 (Unity) WinMain
0x00007ff6d4ebef2e (Unity) __scrt_common_main_seh
0x00007ffe0c767344 (KERNEL32) BaseThreadInitThunk
0x00007ffe0dca26b1 (ntdll) RtlUserThreadStart

Trying to reload asset but can't find object on disk
0x00007ff6d2b038ad (Unity) StackWalker::GetCurrentCallstack
0x00007ff6d2b08979 (Unity) StackWalker::ShowCallstack
0x00007ff6d3ad5891 (Unity) GetStacktrace
0x00007ff6d418da7e (Unity) DebugStringToFile
0x00007ff6d2aba3d1 (Unity) PersistentManager::ReloadFromDisk
0x00007ff6d3e88097 (Unity) ReloadSerializedSingletons
0x00007ff6d3e7c74a (Unity) <lambda_b37b41f03089e3cb3f55061bbc93253d>::operator()
0x00007ff6d3eb6bb2 (Unity) asio::detail::completion_handler<core::mutable_function<void __cdecl(void)>,asio::io_context::basic_executor_type<std::allocator<void>,0> >::do_complete
0x00007ff6d3ea2b5e (Unity) asio::detail::win_iocp_io_context::do_one
0x00007ff6d3ea47c4 (Unity) asio::detail::win_iocp_io_context::run
0x00007ff6d3eb4f5c (Unity) IOService::Run
0x00007ff6d3e88abf (Unity) AssetImportWorkerClient::Run
0x00007ff6d3e539f7 (Unity) RunAssetImportWorkerClientV2
0x00007ff6d3e53a7b (Unity) RunAssetImporterV2
0x00007ff6d365babd (Unity) Application::InitializeProject
0x00007ff6d3ae1705 (Unity) WinMain
0x00007ff6d4ebef2e (Unity) __scrt_common_main_seh
0x00007ffe0c767344 (KERNEL32) BaseThreadInitThunk
0x00007ffe0dca26b1 (ntdll) RtlUserThreadStart

Trying to reload asset but can't find object on disk
0x00007ff6d2b038ad (Unity) StackWalker::GetCurrentCallstack
0x00007ff6d2b08979 (Unity) StackWalker::ShowCallstack
0x00007ff6d3ad5891 (Unity) GetStacktrace
0x00007ff6d418da7e (Unity) DebugStringToFile
0x00007ff6d2aba3d1 (Unity) PersistentManager::ReloadFromDisk
0x00007ff6d3e88097 (Unity) ReloadSerializedSingletons
0x00007ff6d3e7c74a (Unity) <lambda_b37b41f03089e3cb3f55061bbc93253d>::operator()
0x00007ff6d3eb6bb2 (Unity) asio::detail::completion_handler<core::mutable_function<void __cdecl(void)>,asio::io_context::basic_executor_type<std::allocator<void>,0> >::do_complete
0x00007ff6d3ea2b5e (Unity) asio::detail::win_iocp_io_context::do_one
0x00007ff6d3ea47c4 (Unity) asio::detail::win_iocp_io_context::run
0x00007ff6d3eb4f5c (Unity) IOService::Run
0x00007ff6d3e88abf (Unity) AssetImportWorkerClient::Run
0x00007ff6d3e539f7 (Unity) RunAssetImportWorkerClientV2
0x00007ff6d3e53a7b (Unity) RunAssetImporterV2
0x00007ff6d365babd (Unity) Application::InitializeProject
0x00007ff6d3ae1705 (Unity) WinMain
0x00007ff6d4ebef2e (Unity) __scrt_common_main_seh
0x00007ffe0c767344 (KERNEL32) BaseThreadInitThunk
0x00007ffe0dca26b1 (ntdll) RtlUserThreadStart

Trying to reload asset but can't find object on disk
0x00007ff6d2b038ad (Unity) StackWalker::GetCurrentCallstack
0x00007ff6d2b08979 (Unity) StackWalker::ShowCallstack
0x00007ff6d3ad5891 (Unity) GetStacktrace
0x00007ff6d418da7e (Unity) DebugStringToFile
0x00007ff6d2aba3d1 (Unity) PersistentManager::ReloadFromDisk
0x00007ff6d3e88097 (Unity) ReloadSerializedSingletons
0x00007ff6d3e7c74a (Unity) <lambda_b37b41f03089e3cb3f55061bbc93253d>::operator()
0x00007ff6d3eb6bb2 (Unity) asio::detail::completion_handler<core::mutable_function<void __cdecl(void)>,asio::io_context::basic_executor_type<std::allocator<void>,0> >::do_complete
0x00007ff6d3ea2b5e (Unity) asio::detail::win_iocp_io_context::do_one
0x00007ff6d3ea47c4 (Unity) asio::detail::win_iocp_io_context::run
0x00007ff6d3eb4f5c (Unity) IOService::Run
0x00007ff6d3e88abf (Unity) AssetImportWorkerClient::Run
0x00007ff6d3e539f7 (Unity) RunAssetImportWorkerClientV2
0x00007ff6d3e53a7b (Unity) RunAssetImporterV2
0x00007ff6d365babd (Unity) Application::InitializeProject
0x00007ff6d3ae1705 (Unity) WinMain
0x00007ff6d4ebef2e (Unity) __scrt_common_main_seh
0x00007ffe0c767344 (KERNEL32) BaseThreadInitThunk
0x00007ffe0dca26b1 (ntdll) RtlUserThreadStart

Trying to reload asset but can't find object on disk
0x00007ff6d2b038ad (Unity) StackWalker::GetCurrentCallstack
0x00007ff6d2b08979 (Unity) StackWalker::ShowCallstack
0x00007ff6d3ad5891 (Unity) GetStacktrace
0x00007ff6d418da7e (Unity) DebugStringToFile
0x00007ff6d2aba3d1 (Unity) PersistentManager::ReloadFromDisk
0x00007ff6d3e88097 (Unity) ReloadSerializedSingletons
0x00007ff6d3e7c74a (Unity) <lambda_b37b41f03089e3cb3f55061bbc93253d>::operator()
0x00007ff6d3eb6bb2 (Unity) asio::detail::completion_handler<core::mutable_function<void __cdecl(void)>,asio::io_context::basic_executor_type<std::allocator<void>,0> >::do_complete
0x00007ff6d3ea2b5e (Unity) asio::detail::win_iocp_io_context::do_one
0x00007ff6d3ea47c4 (Unity) asio::detail::win_iocp_io_context::run
0x00007ff6d3eb4f5c (Unity) IOService::Run
0x00007ff6d3e88abf (Unity) AssetImportWorkerClient::Run
0x00007ff6d3e539f7 (Unity) RunAssetImportWorkerClientV2
0x00007ff6d3e53a7b (Unity) RunAssetImporterV2
0x00007ff6d365babd (Unity) Application::InitializeProject
0x00007ff6d3ae1705 (Unity) WinMain
0x00007ff6d4ebef2e (Unity) __scrt_common_main_seh
0x00007ffe0c767344 (KERNEL32) BaseThreadInitThunk
0x00007ffe0dca26b1 (ntdll) RtlUserThreadStart

Trying to reload asset but can't find object on disk
0x00007ff6d2b038ad (Unity) StackWalker::GetCurrentCallstack
0x00007ff6d2b08979 (Unity) StackWalker::ShowCallstack
0x00007ff6d3ad5891 (Unity) GetStacktrace
0x00007ff6d418da7e (Unity) DebugStringToFile
0x00007ff6d2aba3d1 (Unity) PersistentManager::ReloadFromDisk
0x00007ff6d3e88097 (Unity) ReloadSerializedSingletons
0x00007ff6d3e7c74a (Unity) <lambda_b37b41f03089e3cb3f55061bbc93253d>::operator()
0x00007ff6d3eb6bb2 (Unity) asio::detail::completion_handler<core::mutable_function<void __cdecl(void)>,asio::io_context::basic_executor_type<std::allocator<void>,0> >::do_complete
0x00007ff6d3ea2b5e (Unity) asio::detail::win_iocp_io_context::do_one
0x00007ff6d3ea47c4 (Unity) asio::detail::win_iocp_io_context::run
0x00007ff6d3eb4f5c (Unity) IOService::Run
0x00007ff6d3e88abf (Unity) AssetImportWorkerClient::Run
0x00007ff6d3e539f7 (Unity) RunAssetImportWorkerClientV2
0x00007ff6d3e53a7b (Unity) RunAssetImporterV2
0x00007ff6d365babd (Unity) Application::InitializeProject
0x00007ff6d3ae1705 (Unity) WinMain
0x00007ff6d4ebef2e (Unity) __scrt_common_main_seh
0x00007ffe0c767344 (KERNEL32) BaseThreadInitThunk
0x00007ffe0dca26b1 (ntdll) RtlUserThreadStart

Trying to reload asset but can't find object on disk
0x00007ff6d2b038ad (Unity) StackWalker::GetCurrentCallstack
0x00007ff6d2b08979 (Unity) StackWalker::ShowCallstack
0x00007ff6d3ad5891 (Unity) GetStacktrace
0x00007ff6d418da7e (Unity) DebugStringToFile
0x00007ff6d2aba3d1 (Unity) PersistentManager::ReloadFromDisk
0x00007ff6d3e88097 (Unity) ReloadSerializedSingletons
0x00007ff6d3e7c74a (Unity) <lambda_b37b41f03089e3cb3f55061bbc93253d>::operator()
0x00007ff6d3eb6bb2 (Unity) asio::detail::completion_handler<core::mutable_function<void __cdecl(void)>,asio::io_context::basic_executor_type<std::allocator<void>,0> >::do_complete
0x00007ff6d3ea2b5e (Unity) asio::detail::win_iocp_io_context::do_one
0x00007ff6d3ea47c4 (Unity) asio::detail::win_iocp_io_context::run
0x00007ff6d3eb4f5c (Unity) IOService::Run
0x00007ff6d3e88abf (Unity) AssetImportWorkerClient::Run
0x00007ff6d3e539f7 (Unity) RunAssetImportWorkerClientV2
0x00007ff6d3e53a7b (Unity) RunAssetImporterV2
0x00007ff6d365babd (Unity) Application::InitializeProject
0x00007ff6d3ae1705 (Unity) WinMain
0x00007ff6d4ebef2e (Unity) __scrt_common_main_seh
0x00007ffe0c767344 (KERNEL32) BaseThreadInitThunk
0x00007ffe0dca26b1 (ntdll) RtlUserThreadStart

Trying to reload asset but can't find object on disk
0x00007ff6d2b038ad (Unity) StackWalker::GetCurrentCallstack
0x00007ff6d2b08979 (Unity) StackWalker::ShowCallstack
0x00007ff6d3ad5891 (Unity) GetStacktrace
0x00007ff6d418da7e (Unity) DebugStringToFile
0x00007ff6d2aba3d1 (Unity) PersistentManager::ReloadFromDisk
0x00007ff6d3e88097 (Unity) ReloadSerializedSingletons
0x00007ff6d3e7c74a (Unity) <lambda_b37b41f03089e3cb3f55061bbc93253d>::operator()
0x00007ff6d3eb6bb2 (Unity) asio::detail::completion_handler<core::mutable_function<void __cdecl(void)>,asio::io_context::basic_executor_type<std::allocator<void>,0> >::do_complete
0x00007ff6d3ea2b5e (Unity) asio::detail::win_iocp_io_context::do_one
0x00007ff6d3ea47c4 (Unity) asio::detail::win_iocp_io_context::run
0x00007ff6d3eb4f5c (Unity) IOService::Run
0x00007ff6d3e88abf (Unity) AssetImportWorkerClient::Run
0x00007ff6d3e539f7 (Unity) RunAssetImportWorkerClientV2
0x00007ff6d3e53a7b (Unity) RunAssetImporterV2
0x00007ff6d365babd (Unity) Application::InitializeProject
0x00007ff6d3ae1705 (Unity) WinMain
0x00007ff6d4ebef2e (Unity) __scrt_common_main_seh
0x00007ffe0c767344 (KERNEL32) BaseThreadInitThunk
0x00007ffe0dca26b1 (ntdll) RtlUserThreadStart

Trying to reload asset but can't find object on disk
0x00007ff6d2b038ad (Unity) StackWalker::GetCurrentCallstack
0x00007ff6d2b08979 (Unity) StackWalker::ShowCallstack
0x00007ff6d3ad5891 (Unity) GetStacktrace
0x00007ff6d418da7e (Unity) DebugStringToFile
0x00007ff6d2aba3d1 (Unity) PersistentManager::ReloadFromDisk
0x00007ff6d3e88097 (Unity) ReloadSerializedSingletons
0x00007ff6d3e7c74a (Unity) <lambda_b37b41f03089e3cb3f55061bbc93253d>::operator()
0x00007ff6d3eb6bb2 (Unity) asio::detail::completion_handler<core::mutable_function<void __cdecl(void)>,asio::io_context::basic_executor_type<std::allocator<void>,0> >::do_complete
0x00007ff6d3ea2b5e (Unity) asio::detail::win_iocp_io_context::do_one
0x00007ff6d3ea47c4 (Unity) asio::detail::win_iocp_io_context::run
0x00007ff6d3eb4f5c (Unity) IOService::Run
0x00007ff6d3e88abf (Unity) AssetImportWorkerClient::Run
0x00007ff6d3e539f7 (Unity) RunAssetImportWorkerClientV2
0x00007ff6d3e53a7b (Unity) RunAssetImporterV2
0x00007ff6d365babd (Unity) Application::InitializeProject
0x00007ff6d3ae1705 (Unity) WinMain
0x00007ff6d4ebef2e (Unity) __scrt_common_main_seh
0x00007ffe0c767344 (KERNEL32) BaseThreadInitThunk
0x00007ffe0dca26b1 (ntdll) RtlUserThreadStart

Trying to reload asset but can't find object on disk
0x00007ff6d2b038ad (Unity) StackWalker::GetCurrentCallstack
0x00007ff6d2b08979 (Unity) StackWalker::ShowCallstack
0x00007ff6d3ad5891 (Unity) GetStacktrace
0x00007ff6d418da7e (Unity) DebugStringToFile
0x00007ff6d2aba3d1 (Unity) PersistentManager::ReloadFromDisk
0x00007ff6d3e88097 (Unity) ReloadSerializedSingletons
0x00007ff6d3e7c74a (Unity) <lambda_b37b41f03089e3cb3f55061bbc93253d>::operator()
0x00007ff6d3eb6bb2 (Unity) asio::detail::completion_handler<core::mutable_function<void __cdecl(void)>,asio::io_context::basic_executor_type<std::allocator<void>,0> >::do_complete
0x00007ff6d3ea2b5e (Unity) asio::detail::win_iocp_io_context::do_one
0x00007ff6d3ea47c4 (Unity) asio::detail::win_iocp_io_context::run
0x00007ff6d3eb4f5c (Unity) IOService::Run
0x00007ff6d3e88abf (Unity) AssetImportWorkerClient::Run
0x00007ff6d3e539f7 (Unity) RunAssetImportWorkerClientV2
0x00007ff6d3e53a7b (Unity) RunAssetImporterV2
0x00007ff6d365babd (Unity) Application::InitializeProject
0x00007ff6d3ae1705 (Unity) WinMain
0x00007ff6d4ebef2e (Unity) __scrt_common_main_seh
0x00007ffe0c767344 (KERNEL32) BaseThreadInitThunk
0x00007ffe0dca26b1 (ntdll) RtlUserThreadStart

Trying to reload asset but can't find object on disk
0x00007ff6d2b038ad (Unity) StackWalker::GetCurrentCallstack
0x00007ff6d2b08979 (Unity) StackWalker::ShowCallstack
0x00007ff6d3ad5891 (Unity) GetStacktrace
0x00007ff6d418da7e (Unity) DebugStringToFile
0x00007ff6d2aba3d1 (Unity) PersistentManager::ReloadFromDisk
0x00007ff6d3e88097 (Unity) ReloadSerializedSingletons
0x00007ff6d3e7c74a (Unity) <lambda_b37b41f03089e3cb3f55061bbc93253d>::operator()
0x00007ff6d3eb6bb2 (Unity) asio::detail::completion_handler<core::mutable_function<void __cdecl(void)>,asio::io_context::basic_executor_type<std::allocator<void>,0> >::do_complete
0x00007ff6d3ea2b5e (Unity) asio::detail::win_iocp_io_context::do_one
0x00007ff6d3ea47c4 (Unity) asio::detail::win_iocp_io_context::run
0x00007ff6d3eb4f5c (Unity) IOService::Run
0x00007ff6d3e88abf (Unity) AssetImportWorkerClient::Run
0x00007ff6d3e539f7 (Unity) RunAssetImportWorkerClientV2
0x00007ff6d3e53a7b (Unity) RunAssetImporterV2
0x00007ff6d365babd (Unity) Application::InitializeProject
0x00007ff6d3ae1705 (Unity) WinMain
0x00007ff6d4ebef2e (Unity) __scrt_common_main_seh
0x00007ffe0c767344 (KERNEL32) BaseThreadInitThunk
0x00007ffe0dca26b1 (ntdll) RtlUserThreadStart

Trying to reload asset but can't find object on disk
0x00007ff6d2b038ad (Unity) StackWalker::GetCurrentCallstack
0x00007ff6d2b08979 (Unity) StackWalker::ShowCallstack
0x00007ff6d3ad5891 (Unity) GetStacktrace
0x00007ff6d418da7e (Unity) DebugStringToFile
0x00007ff6d2aba3d1 (Unity) PersistentManager::ReloadFromDisk
0x00007ff6d3e88097 (Unity) ReloadSerializedSingletons
0x00007ff6d3e7c74a (Unity) <lambda_b37b41f03089e3cb3f55061bbc93253d>::operator()
0x00007ff6d3eb6bb2 (Unity) asio::detail::completion_handler<core::mutable_function<void __cdecl(void)>,asio::io_context::basic_executor_type<std::allocator<void>,0> >::do_complete
0x00007ff6d3ea2b5e (Unity) asio::detail::win_iocp_io_context::do_one
0x00007ff6d3ea47c4 (Unity) asio::detail::win_iocp_io_context::run
0x00007ff6d3eb4f5c (Unity) IOService::Run
0x00007ff6d3e88abf (Unity) AssetImportWorkerClient::Run
0x00007ff6d3e539f7 (Unity) RunAssetImportWorkerClientV2
0x00007ff6d3e53a7b (Unity) RunAssetImporterV2
0x00007ff6d365babd (Unity) Application::InitializeProject
0x00007ff6d3ae1705 (Unity) WinMain
0x00007ff6d4ebef2e (Unity) __scrt_common_main_seh
0x00007ffe0c767344 (KERNEL32) BaseThreadInitThunk
0x00007ffe0dca26b1 (ntdll) RtlUserThreadStart

Trying to reload asset but can't find object on disk
0x00007ff6d2b038ad (Unity) StackWalker::GetCurrentCallstack
0x00007ff6d2b08979 (Unity) StackWalker::ShowCallstack
0x00007ff6d3ad5891 (Unity) GetStacktrace
0x00007ff6d418da7e (Unity) DebugStringToFile
0x00007ff6d2aba3d1 (Unity) PersistentManager::ReloadFromDisk
0x00007ff6d3e88097 (Unity) ReloadSerializedSingletons
0x00007ff6d3e7c74a (Unity) <lambda_b37b41f03089e3cb3f55061bbc93253d>::operator()
0x00007ff6d3eb6bb2 (Unity) asio::detail::completion_handler<core::mutable_function<void __cdecl(void)>,asio::io_context::basic_executor_type<std::allocator<void>,0> >::do_complete
0x00007ff6d3ea2b5e (Unity) asio::detail::win_iocp_io_context::do_one
0x00007ff6d3ea47c4 (Unity) asio::detail::win_iocp_io_context::run
0x00007ff6d3eb4f5c (Unity) IOService::Run
0x00007ff6d3e88abf (Unity) AssetImportWorkerClient::Run
0x00007ff6d3e539f7 (Unity) RunAssetImportWorkerClientV2
0x00007ff6d3e53a7b (Unity) RunAssetImporterV2
0x00007ff6d365babd (Unity) Application::InitializeProject
0x00007ff6d3ae1705 (Unity) WinMain
0x00007ff6d4ebef2e (Unity) __scrt_common_main_seh
0x00007ffe0c767344 (KERNEL32) BaseThreadInitThunk
0x00007ffe0dca26b1 (ntdll) RtlUserThreadStart

Trying to reload asset but can't find object on disk
0x00007ff6d2b038ad (Unity) StackWalker::GetCurrentCallstack
0x00007ff6d2b08979 (Unity) StackWalker::ShowCallstack
0x00007ff6d3ad5891 (Unity) GetStacktrace
0x00007ff6d418da7e (Unity) DebugStringToFile
0x00007ff6d2aba3d1 (Unity) PersistentManager::ReloadFromDisk
0x00007ff6d3e88097 (Unity) ReloadSerializedSingletons
0x00007ff6d3e7c74a (Unity) <lambda_b37b41f03089e3cb3f55061bbc93253d>::operator()
0x00007ff6d3eb6bb2 (Unity) asio::detail::completion_handler<core::mutable_function<void __cdecl(void)>,asio::io_context::basic_executor_type<std::allocator<void>,0> >::do_complete
0x00007ff6d3ea2b5e (Unity) asio::detail::win_iocp_io_context::do_one
0x00007ff6d3ea47c4 (Unity) asio::detail::win_iocp_io_context::run
0x00007ff6d3eb4f5c (Unity) IOService::Run
0x00007ff6d3e88abf (Unity) AssetImportWorkerClient::Run
0x00007ff6d3e539f7 (Unity) RunAssetImportWorkerClientV2
0x00007ff6d3e53a7b (Unity) RunAssetImporterV2
0x00007ff6d365babd (Unity) Application::InitializeProject
0x00007ff6d3ae1705 (Unity) WinMain
0x00007ff6d4ebef2e (Unity) __scrt_common_main_seh
0x00007ffe0c767344 (KERNEL32) BaseThreadInitThunk
0x00007ffe0dca26b1 (ntdll) RtlUserThreadStart

Trying to reload asset but can't find object on disk
0x00007ff6d2b038ad (Unity) StackWalker::GetCurrentCallstack
0x00007ff6d2b08979 (Unity) StackWalker::ShowCallstack
0x00007ff6d3ad5891 (Unity) GetStacktrace
0x00007ff6d418da7e (Unity) DebugStringToFile
0x00007ff6d2aba3d1 (Unity) PersistentManager::ReloadFromDisk
0x00007ff6d3e88097 (Unity) ReloadSerializedSingletons
0x00007ff6d3e7c74a (Unity) <lambda_b37b41f03089e3cb3f55061bbc93253d>::operator()
0x00007ff6d3eb6bb2 (Unity) asio::detail::completion_handler<core::mutable_function<void __cdecl(void)>,asio::io_context::basic_executor_type<std::allocator<void>,0> >::do_complete
0x00007ff6d3ea2b5e (Unity) asio::detail::win_iocp_io_context::do_one
0x00007ff6d3ea47c4 (Unity) asio::detail::win_iocp_io_context::run
0x00007ff6d3eb4f5c (Unity) IOService::Run
0x00007ff6d3e88abf (Unity) AssetImportWorkerClient::Run
0x00007ff6d3e539f7 (Unity) RunAssetImportWorkerClientV2
0x00007ff6d3e53a7b (Unity) RunAssetImporterV2
0x00007ff6d365babd (Unity) Application::InitializeProject
0x00007ff6d3ae1705 (Unity) WinMain
0x00007ff6d4ebef2e (Unity) __scrt_common_main_seh
0x00007ffe0c767344 (KERNEL32) BaseThreadInitThunk
0x00007ffe0dca26b1 (ntdll) RtlUserThreadStart

Trying to reload asset but can't find object on disk
0x00007ff6d2b038ad (Unity) StackWalker::GetCurrentCallstack
0x00007ff6d2b08979 (Unity) StackWalker::ShowCallstack
0x00007ff6d3ad5891 (Unity) GetStacktrace
0x00007ff6d418da7e (Unity) DebugStringToFile
0x00007ff6d2aba3d1 (Unity) PersistentManager::ReloadFromDisk
0x00007ff6d3e88097 (Unity) ReloadSerializedSingletons
0x00007ff6d3e7c74a (Unity) <lambda_b37b41f03089e3cb3f55061bbc93253d>::operator()
0x00007ff6d3eb6bb2 (Unity) asio::detail::completion_handler<core::mutable_function<void __cdecl(void)>,asio::io_context::basic_executor_type<std::allocator<void>,0> >::do_complete
0x00007ff6d3ea2b5e (Unity) asio::detail::win_iocp_io_context::do_one
0x00007ff6d3ea47c4 (Unity) asio::detail::win_iocp_io_context::run
0x00007ff6d3eb4f5c (Unity) IOService::Run
0x00007ff6d3e88abf (Unity) AssetImportWorkerClient::Run
0x00007ff6d3e539f7 (Unity) RunAssetImportWorkerClientV2
0x00007ff6d3e53a7b (Unity) RunAssetImporterV2
0x00007ff6d365babd (Unity) Application::InitializeProject
0x00007ff6d3ae1705 (Unity) WinMain
0x00007ff6d4ebef2e (Unity) __scrt_common_main_seh
0x00007ffe0c767344 (KERNEL32) BaseThreadInitThunk
0x00007ffe0dca26b1 (ntdll) RtlUserThreadStart

Trying to reload asset but can't find object on disk
0x00007ff6d2b038ad (Unity) StackWalker::GetCurrentCallstack
0x00007ff6d2b08979 (Unity) StackWalker::ShowCallstack
0x00007ff6d3ad5891 (Unity) GetStacktrace
0x00007ff6d418da7e (Unity) DebugStringToFile
0x00007ff6d2aba3d1 (Unity) PersistentManager::ReloadFromDisk
0x00007ff6d3e88097 (Unity) ReloadSerializedSingletons
0x00007ff6d3e7c74a (Unity) <lambda_b37b41f03089e3cb3f55061bbc93253d>::operator()
0x00007ff6d3eb6bb2 (Unity) asio::detail::completion_handler<core::mutable_function<void __cdecl(void)>,asio::io_context::basic_executor_type<std::allocator<void>,0> >::do_complete
0x00007ff6d3ea2b5e (Unity) asio::detail::win_iocp_io_context::do_one
0x00007ff6d3ea47c4 (Unity) asio::detail::win_iocp_io_context::run
0x00007ff6d3eb4f5c (Unity) IOService::Run
0x00007ff6d3e88abf (Unity) AssetImportWorkerClient::Run
0x00007ff6d3e539f7 (Unity) RunAssetImportWorkerClientV2
0x00007ff6d3e53a7b (Unity) RunAssetImporterV2
0x00007ff6d365babd (Unity) Application::InitializeProject
0x00007ff6d3ae1705 (Unity) WinMain
0x00007ff6d4ebef2e (Unity) __scrt_common_main_seh
0x00007ffe0c767344 (KERNEL32) BaseThreadInitThunk
0x00007ffe0dca26b1 (ntdll) RtlUserThreadStart

Trying to reload asset but can't find object on disk
0x00007ff6d2b038ad (Unity) StackWalker::GetCurrentCallstack
0x00007ff6d2b08979 (Unity) StackWalker::ShowCallstack
0x00007ff6d3ad5891 (Unity) GetStacktrace
0x00007ff6d418da7e (Unity) DebugStringToFile
0x00007ff6d2aba3d1 (Unity) PersistentManager::ReloadFromDisk
0x00007ff6d3e88097 (Unity) ReloadSerializedSingletons
0x00007ff6d3e7c74a (Unity) <lambda_b37b41f03089e3cb3f55061bbc93253d>::operator()
0x00007ff6d3eb6bb2 (Unity) asio::detail::completion_handler<core::mutable_function<void __cdecl(void)>,asio::io_context::basic_executor_type<std::allocator<void>,0> >::do_complete
0x00007ff6d3ea2b5e (Unity) asio::detail::win_iocp_io_context::do_one
0x00007ff6d3ea47c4 (Unity) asio::detail::win_iocp_io_context::run
0x00007ff6d3eb4f5c (Unity) IOService::Run
0x00007ff6d3e88abf (Unity) AssetImportWorkerClient::Run
0x00007ff6d3e539f7 (Unity) RunAssetImportWorkerClientV2
0x00007ff6d3e53a7b (Unity) RunAssetImporterV2
0x00007ff6d365babd (Unity) Application::InitializeProject
0x00007ff6d3ae1705 (Unity) WinMain
0x00007ff6d4ebef2e (Unity) __scrt_common_main_seh
0x00007ffe0c767344 (KERNEL32) BaseThreadInitThunk
0x00007ffe0dca26b1 (ntdll) RtlUserThreadStart

Trying to reload asset but can't find object on disk
0x00007ff6d2b038ad (Unity) StackWalker::GetCurrentCallstack
0x00007ff6d2b08979 (Unity) StackWalker::ShowCallstack
0x00007ff6d3ad5891 (Unity) GetStacktrace
0x00007ff6d418da7e (Unity) DebugStringToFile
0x00007ff6d2aba3d1 (Unity) PersistentManager::ReloadFromDisk
0x00007ff6d3e88097 (Unity) ReloadSerializedSingletons
0x00007ff6d3e7c74a (Unity) <lambda_b37b41f03089e3cb3f55061bbc93253d>::operator()
0x00007ff6d3eb6bb2 (Unity) asio::detail::completion_handler<core::mutable_function<void __cdecl(void)>,asio::io_context::basic_executor_type<std::allocator<void>,0> >::do_complete
0x00007ff6d3ea2b5e (Unity) asio::detail::win_iocp_io_context::do_one
0x00007ff6d3ea47c4 (Unity) asio::detail::win_iocp_io_context::run
0x00007ff6d3eb4f5c (Unity) IOService::Run
0x00007ff6d3e88abf (Unity) AssetImportWorkerClient::Run
0x00007ff6d3e539f7 (Unity) RunAssetImportWorkerClientV2
0x00007ff6d3e53a7b (Unity) RunAssetImporterV2
0x00007ff6d365babd (Unity) Application::InitializeProject
0x00007ff6d3ae1705 (Unity) WinMain
0x00007ff6d4ebef2e (Unity) __scrt_common_main_seh
0x00007ffe0c767344 (KERNEL32) BaseThreadInitThunk
0x00007ffe0dca26b1 (ntdll) RtlUserThreadStart

Begin MonoManager ReloadAssembly
- Loaded All Assemblies, in  0.625 seconds
Refreshing native plugins compatible for Editor in 10.48 ms, found 0 plugins.
Native extension for WindowsStandalone target not found
Native extension for Android target not found
Mono: successfully reloaded assembly
- Finished resetting the current domain, in  1.058 seconds
Domain Reload Profiling: 1673ms
	BeginReloadAssembly (397ms)
		ExecutionOrderSort (0ms)
		DisableScriptedObjects (35ms)
		BackupInstance (0ms)
		ReleaseScriptingObjects (0ms)
		CreateAndSetChildDomain (88ms)
	RebuildCommonClasses (86ms)
	RebuildNativeTypeToScriptingClass (25ms)
	initialDomainReloadingComplete (78ms)
	LoadAllAssembliesAndSetupDomain (28ms)
		LoadAssemblies (217ms)
		RebuildTransferFunctionScriptingTraits (0ms)
		AnalyzeDomain (16ms)
			TypeCache.Refresh (13ms)
				TypeCache.ScanAssembly (0ms)
			ScanForSourceGeneratedMonoScriptInfo (1ms)
			ResolveRequiredComponents (1ms)
	FinalizeReload (1059ms)
		ReleaseScriptCaches (0ms)
		RebuildScriptCaches (0ms)
		SetupLoadedEditorAssemblies (722ms)
			LogAssemblyErrors (0ms)
			InitializePlatformSupportModulesInManaged (72ms)
			SetLoadedEditorAssemblies (13ms)
			RefreshPlugins (0ms)
			BeforeProcessingInitializeOnLoad (214ms)
			ProcessInitializeOnLoadAttributes (346ms)
			ProcessInitializeOnLoadMethodAttributes (50ms)
			AfterProcessingInitializeOnLoad (28ms)
			EditorAssembliesLoaded (0ms)
		ExecutionOrderSort2 (0ms)
		AwakeInstancesAfterBackupRestoration (13ms)
Refreshing native plugins compatible for Editor in 12.20 ms, found 0 plugins.
Preloading 0 native plugins for Editor in 0.00 ms.
Unloading 0 Unused Serialized files (Serialized files now loaded: 0)
Unloading 1862 unused Assets / (1.1 MB). Loaded Objects now: 2875.
Memory consumption went from 76.4 MB to 75.2 MB.
Total: 11.123900 ms (FindLiveObjects: 0.671600 ms CreateObjectMapping: 0.628200 ms MarkObjects: 5.941500 ms  DeleteObjects: 3.880400 ms)

Prepare: number of updated asset objects reloaded= 6
AssetImportParameters requested are different than current active one (requested -> active):
  custom:container-demuxer-ogg: 62fdf1f143b41e24485cea50d1cbac27 -> 
  custom:video-decoder-ogg-theora: a1e56fd34408186e4bbccfd4996cb3dc -> 
  custom:framework-win-MediaFoundation: 216162199b28c13a410421893ffa2e32 -> 
  custom:CustomObjectIndexerAttribute: 43b350a4d6e6d1791af0b5038c4bea17 -> 
  custom:container-demuxer-webm: 4f35f7cbe854078d1ac9338744f61a02 -> 
  custom:container-muxer-webm: aa71ff27fc2769a1b78a27578f13a17b -> 
  custom:video-decoder-webm-vp8: 9c59270c3fd7afecdb556c50c9e8de78 -> 
  custom:SearchIndexIgnoredProperties: e643bd26f0fe6173181afceb89e7c659 -> 
  custom:AudioImporter_EditorPlatform: d09bf68614088b80899f8185d706f6e7 -> 
  custom:video-encoder-webm-vp8: eb34c28f22e8b96e1ab97ce403110664 -> 
  custom:audio-decoder-ogg-vorbis: bf7c407c2cedff20999df2af8eb42d56 -> 
  custom:audio-encoder-webm-vorbis: bf7c407c2cedff20999df2af8eb42d56 -> 
